
============================================================
[Exp2] Training with basis: fractional
============================================================
[Info] Fitting DSGEFeatureExtractor on 3500 train samples…
[DSGE] Generating element ‖X‖ = 1.9996 (OK)
[Info] DSGE ready: DSGEFeatureExtractor(basis_type='fractional', powers=[0.5, 1.5, 2.0], S=3, lambda=0.01, state=fitted)
[Info] Model params: 10,145
Epoch 01/100 | Train: 0.016475 | Val: 0.014436 | Val MSE: 0.0144 | Val SNR: -3.92 dB
Epoch 02/100 | Train: 0.010997 | Val: 0.006528 | Val MSE: 0.0065 | Val SNR: -0.48 dB
Epoch 03/100 | Train: 0.005588 | Val: 0.005213 | Val MSE: 0.0052 | Val SNR: 0.51 dB
Epoch 04/100 | Train: 0.005206 | Val: 0.005131 | Val MSE: 0.0051 | Val SNR: 0.58 dB
Epoch 05/100 | Train: 0.005118 | Val: 0.005036 | Val MSE: 0.0050 | Val SNR: 0.66 dB
Epoch 06/100 | Train: 0.004992 | Val: 0.004878 | Val MSE: 0.0049 | Val SNR: 0.80 dB
Epoch 07/100 | Train: 0.004803 | Val: 0.004662 | Val MSE: 0.0047 | Val SNR: 0.99 dB
Epoch 08/100 | Train: 0.004570 | Val: 0.004429 | Val MSE: 0.0044 | Val SNR: 1.22 dB
Epoch 09/100 | Train: 0.004374 | Val: 0.004302 | Val MSE: 0.0043 | Val SNR: 1.34 dB
Epoch 10/100 | Train: 0.004248 | Val: 0.004209 | Val MSE: 0.0042 | Val SNR: 1.44 dB
Epoch 11/100 | Train: 0.004153 | Val: 0.004058 | Val MSE: 0.0041 | Val SNR: 1.60 dB
Epoch 12/100 | Train: 0.004048 | Val: 0.003983 | Val MSE: 0.0040 | Val SNR: 1.68 dB
Epoch 13/100 | Train: 0.003977 | Val: 0.003889 | Val MSE: 0.0039 | Val SNR: 1.78 dB
Epoch 14/100 | Train: 0.003933 | Val: 0.003851 | Val MSE: 0.0038 | Val SNR: 1.83 dB
Epoch 15/100 | Train: 0.003847 | Val: 0.003884 | Val MSE: 0.0039 | Val SNR: 1.79 dB
Epoch 16/100 | Train: 0.003822 | Val: 0.003730 | Val MSE: 0.0037 | Val SNR: 1.96 dB
Epoch 17/100 | Train: 0.003781 | Val: 0.003693 | Val MSE: 0.0037 | Val SNR: 2.01 dB
Epoch 18/100 | Train: 0.003762 | Val: 0.003633 | Val MSE: 0.0036 | Val SNR: 2.07 dB
Epoch 19/100 | Train: 0.003683 | Val: 0.003596 | Val MSE: 0.0036 | Val SNR: 2.12 dB
Epoch 20/100 | Train: 0.003608 | Val: 0.003646 | Val MSE: 0.0036 | Val SNR: 2.07 dB
Epoch 21/100 | Train: 0.003603 | Val: 0.003545 | Val MSE: 0.0035 | Val SNR: 2.18 dB
Epoch 22/100 | Train: 0.003539 | Val: 0.003490 | Val MSE: 0.0035 | Val SNR: 2.25 dB
Epoch 23/100 | Train: 0.003513 | Val: 0.003561 | Val MSE: 0.0036 | Val SNR: 2.17 dB
Epoch 24/100 | Train: 0.003441 | Val: 0.003417 | Val MSE: 0.0034 | Val SNR: 2.34 dB
Epoch 25/100 | Train: 0.003419 | Val: 0.003353 | Val MSE: 0.0033 | Val SNR: 2.42 dB
Epoch 26/100 | Train: 0.003385 | Val: 0.003333 | Val MSE: 0.0033 | Val SNR: 2.45 dB
Epoch 27/100 | Train: 0.003366 | Val: 0.003344 | Val MSE: 0.0033 | Val SNR: 2.44 dB
Epoch 28/100 | Train: 0.003312 | Val: 0.003289 | Val MSE: 0.0033 | Val SNR: 2.51 dB
Epoch 29/100 | Train: 0.003233 | Val: 0.003196 | Val MSE: 0.0032 | Val SNR: 2.63 dB
Epoch 30/100 | Train: 0.003213 | Val: 0.003173 | Val MSE: 0.0032 | Val SNR: 2.67 dB
Epoch 31/100 | Train: 0.003181 | Val: 0.003131 | Val MSE: 0.0031 | Val SNR: 2.73 dB
Epoch 32/100 | Train: 0.003115 | Val: 0.003071 | Val MSE: 0.0031 | Val SNR: 2.81 dB
Epoch 33/100 | Train: 0.003110 | Val: 0.003023 | Val MSE: 0.0030 | Val SNR: 2.88 dB
Epoch 34/100 | Train: 0.003054 | Val: 0.002982 | Val MSE: 0.0030 | Val SNR: 2.94 dB
Epoch 35/100 | Train: 0.002988 | Val: 0.002985 | Val MSE: 0.0030 | Val SNR: 2.93 dB
Epoch 36/100 | Train: 0.002932 | Val: 0.003047 | Val MSE: 0.0030 | Val SNR: 2.85 dB
Epoch 37/100 | Train: 0.002894 | Val: 0.002936 | Val MSE: 0.0029 | Val SNR: 3.01 dB
Epoch 38/100 | Train: 0.002863 | Val: 0.002828 | Val MSE: 0.0028 | Val SNR: 3.17 dB
Epoch 39/100 | Train: 0.002817 | Val: 0.002766 | Val MSE: 0.0028 | Val SNR: 3.26 dB
Epoch 40/100 | Train: 0.002771 | Val: 0.002734 | Val MSE: 0.0027 | Val SNR: 3.31 dB
Epoch 41/100 | Train: 0.002738 | Val: 0.002696 | Val MSE: 0.0027 | Val SNR: 3.37 dB
Epoch 42/100 | Train: 0.002703 | Val: 0.002666 | Val MSE: 0.0027 | Val SNR: 3.42 dB
Epoch 43/100 | Train: 0.002653 | Val: 0.002621 | Val MSE: 0.0026 | Val SNR: 3.50 dB
Epoch 44/100 | Train: 0.002620 | Val: 0.002592 | Val MSE: 0.0026 | Val SNR: 3.54 dB
Epoch 45/100 | Train: 0.002605 | Val: 0.002571 | Val MSE: 0.0026 | Val SNR: 3.58 dB
Epoch 46/100 | Train: 0.002574 | Val: 0.002651 | Val MSE: 0.0026 | Val SNR: 3.45 dB
Epoch 47/100 | Train: 0.002537 | Val: 0.002503 | Val MSE: 0.0025 | Val SNR: 3.70 dB
Epoch 48/100 | Train: 0.002502 | Val: 0.002488 | Val MSE: 0.0025 | Val SNR: 3.72 dB
Epoch 49/100 | Train: 0.002489 | Val: 0.002505 | Val MSE: 0.0025 | Val SNR: 3.70 dB
Epoch 50/100 | Train: 0.002466 | Val: 0.002447 | Val MSE: 0.0024 | Val SNR: 3.80 dB
Epoch 51/100 | Train: 0.002431 | Val: 0.002435 | Val MSE: 0.0024 | Val SNR: 3.82 dB
Epoch 52/100 | Train: 0.002419 | Val: 0.002467 | Val MSE: 0.0025 | Val SNR: 3.77 dB
Epoch 53/100 | Train: 0.002404 | Val: 0.002377 | Val MSE: 0.0024 | Val SNR: 3.92 dB
Epoch 54/100 | Train: 0.002393 | Val: 0.002356 | Val MSE: 0.0024 | Val SNR: 3.96 dB
Epoch 55/100 | Train: 0.002363 | Val: 0.002338 | Val MSE: 0.0023 | Val SNR: 3.99 dB
Epoch 56/100 | Train: 0.002358 | Val: 0.002338 | Val MSE: 0.0023 | Val SNR: 3.99 dB
Epoch 57/100 | Train: 0.002336 | Val: 0.002307 | Val MSE: 0.0023 | Val SNR: 4.05 dB
Epoch 58/100 | Train: 0.002321 | Val: 0.002294 | Val MSE: 0.0023 | Val SNR: 4.07 dB
Epoch 59/100 | Train: 0.002302 | Val: 0.002318 | Val MSE: 0.0023 | Val SNR: 4.04 dB
Epoch 60/100 | Train: 0.002295 | Val: 0.002276 | Val MSE: 0.0023 | Val SNR: 4.12 dB
Epoch 61/100 | Train: 0.002279 | Val: 0.002257 | Val MSE: 0.0023 | Val SNR: 4.15 dB
Epoch 62/100 | Train: 0.002267 | Val: 0.002245 | Val MSE: 0.0022 | Val SNR: 4.17 dB
Epoch 63/100 | Train: 0.002256 | Val: 0.002239 | Val MSE: 0.0022 | Val SNR: 4.19 dB
Epoch 64/100 | Train: 0.002261 | Val: 0.002250 | Val MSE: 0.0022 | Val SNR: 4.17 dB
Epoch 65/100 | Train: 0.002251 | Val: 0.002216 | Val MSE: 0.0022 | Val SNR: 4.23 dB
Epoch 66/100 | Train: 0.002228 | Val: 0.002211 | Val MSE: 0.0022 | Val SNR: 4.24 dB
Epoch 67/100 | Train: 0.002224 | Val: 0.002200 | Val MSE: 0.0022 | Val SNR: 4.26 dB
Epoch 68/100 | Train: 0.002206 | Val: 0.002185 | Val MSE: 0.0022 | Val SNR: 4.29 dB
Epoch 69/100 | Train: 0.002202 | Val: 0.002213 | Val MSE: 0.0022 | Val SNR: 4.24 dB
Epoch 70/100 | Train: 0.002183 | Val: 0.002176 | Val MSE: 0.0022 | Val SNR: 4.31 dB
Epoch 71/100 | Train: 0.002176 | Val: 0.002168 | Val MSE: 0.0022 | Val SNR: 4.32 dB
Epoch 72/100 | Train: 0.002167 | Val: 0.002152 | Val MSE: 0.0021 | Val SNR: 4.35 dB
Epoch 73/100 | Train: 0.002163 | Val: 0.002142 | Val MSE: 0.0021 | Val SNR: 4.38 dB
Epoch 74/100 | Train: 0.002152 | Val: 0.002141 | Val MSE: 0.0021 | Val SNR: 4.38 dB
Epoch 75/100 | Train: 0.002158 | Val: 0.002154 | Val MSE: 0.0022 | Val SNR: 4.35 dB
Epoch 76/100 | Train: 0.002142 | Val: 0.002120 | Val MSE: 0.0021 | Val SNR: 4.42 dB
Epoch 77/100 | Train: 0.002137 | Val: 0.002123 | Val MSE: 0.0021 | Val SNR: 4.42 dB
Epoch 78/100 | Train: 0.002127 | Val: 0.002136 | Val MSE: 0.0021 | Val SNR: 4.40 dB
Epoch 79/100 | Train: 0.002127 | Val: 0.002102 | Val MSE: 0.0021 | Val SNR: 4.46 dB
Epoch 80/100 | Train: 0.002119 | Val: 0.002099 | Val MSE: 0.0021 | Val SNR: 4.47 dB
Epoch 81/100 | Train: 0.002101 | Val: 0.002102 | Val MSE: 0.0021 | Val SNR: 4.46 dB
Epoch 82/100 | Train: 0.002108 | Val: 0.002094 | Val MSE: 0.0021 | Val SNR: 4.48 dB
Epoch 83/100 | Train: 0.002097 | Val: 0.002130 | Val MSE: 0.0021 | Val SNR: 4.41 dB
Epoch 84/100 | Train: 0.002096 | Val: 0.002075 | Val MSE: 0.0021 | Val SNR: 4.52 dB
Epoch 85/100 | Train: 0.002100 | Val: 0.002067 | Val MSE: 0.0021 | Val SNR: 4.53 dB
Epoch 86/100 | Train: 0.002076 | Val: 0.002069 | Val MSE: 0.0021 | Val SNR: 4.53 dB
Epoch 87/100 | Train: 0.002074 | Val: 0.002060 | Val MSE: 0.0021 | Val SNR: 4.55 dB
Epoch 88/100 | Train: 0.002077 | Val: 0.002052 | Val MSE: 0.0020 | Val SNR: 4.57 dB
Epoch 89/100 | Train: 0.002067 | Val: 0.002075 | Val MSE: 0.0021 | Val SNR: 4.52 dB
Epoch 90/100 | Train: 0.002052 | Val: 0.002047 | Val MSE: 0.0020 | Val SNR: 4.58 dB
Epoch 91/100 | Train: 0.002043 | Val: 0.002050 | Val MSE: 0.0020 | Val SNR: 4.57 dB
Epoch 92/100 | Train: 0.002030 | Val: 0.002037 | Val MSE: 0.0020 | Val SNR: 4.60 dB
Epoch 93/100 | Train: 0.002050 | Val: 0.002020 | Val MSE: 0.0020 | Val SNR: 4.63 dB
Epoch 94/100 | Train: 0.002044 | Val: 0.002023 | Val MSE: 0.0020 | Val SNR: 4.63 dB
Epoch 95/100 | Train: 0.002039 | Val: 0.002032 | Val MSE: 0.0020 | Val SNR: 4.60 dB
Epoch 96/100 | Train: 0.002038 | Val: 0.002082 | Val MSE: 0.0021 | Val SNR: 4.51 dB
Epoch 97/100 | Train: 0.002018 | Val: 0.002006 | Val MSE: 0.0020 | Val SNR: 4.67 dB
Epoch 98/100 | Train: 0.002018 | Val: 0.002029 | Val MSE: 0.0020 | Val SNR: 4.62 dB
Epoch 99/100 | Train: 0.002010 | Val: 0.002053 | Val MSE: 0.0020 | Val SNR: 4.57 dB
Epoch 100/100 | Train: 0.002016 | Val: 0.001992 | Val MSE: 0.0020 | Val SNR: 4.69 dB
✅ Best model saved → /Users/serhiizabolotnii/Projects/signal-denoising/experiments/../train/../weights/HybridDSGE_UNet_non_gaussian_S3_best.pth
[DSGE] State saved → /Users/serhiizabolotnii/Projects/signal-denoising/experiments/../train/../weights/dsge_state_non_gaussian_S3.npz

📊 Final Test Metrics (time domain):
  MSE: 0.2070
  MAE: 0.3432
  RMSE: 0.4549
  SNR: 3.8321 dB

============================================================
[Exp2] Training with basis: polynomial
============================================================
[Info] Fitting DSGEFeatureExtractor on 3500 train samples…
[DSGE] Generating element ‖X‖ = 1.9996 (OK)
[Info] DSGE ready: DSGEFeatureExtractor(basis_type='polynomial', powers=[2.0, 3.0, 4.0], S=3, lambda=0.01, state=fitted)
[Info] Model params: 10,145
Epoch 01/100 | Train: 0.015384 | Val: 0.013679 | Val MSE: 0.0137 | Val SNR: -3.69 dB
Epoch 02/100 | Train: 0.010732 | Val: 0.006673 | Val MSE: 0.0067 | Val SNR: -0.58 dB
Epoch 03/100 | Train: 0.005581 | Val: 0.005128 | Val MSE: 0.0051 | Val SNR: 0.58 dB
Epoch 04/100 | Train: 0.005112 | Val: 0.005043 | Val MSE: 0.0050 | Val SNR: 0.65 dB
Epoch 05/100 | Train: 0.005028 | Val: 0.004946 | Val MSE: 0.0049 | Val SNR: 0.73 dB
Epoch 06/100 | Train: 0.004901 | Val: 0.004788 | Val MSE: 0.0048 | Val SNR: 0.87 dB
Epoch 07/100 | Train: 0.004716 | Val: 0.004582 | Val MSE: 0.0046 | Val SNR: 1.06 dB
Epoch 08/100 | Train: 0.004493 | Val: 0.004372 | Val MSE: 0.0044 | Val SNR: 1.26 dB
Epoch 09/100 | Train: 0.004289 | Val: 0.004184 | Val MSE: 0.0042 | Val SNR: 1.45 dB
Epoch 10/100 | Train: 0.004108 | Val: 0.004015 | Val MSE: 0.0040 | Val SNR: 1.63 dB
Epoch 11/100 | Train: 0.003934 | Val: 0.003861 | Val MSE: 0.0039 | Val SNR: 1.80 dB
Epoch 12/100 | Train: 0.003782 | Val: 0.003734 | Val MSE: 0.0037 | Val SNR: 1.94 dB
Epoch 13/100 | Train: 0.003649 | Val: 0.003602 | Val MSE: 0.0036 | Val SNR: 2.10 dB
Epoch 14/100 | Train: 0.003537 | Val: 0.003501 | Val MSE: 0.0035 | Val SNR: 2.22 dB
Epoch 15/100 | Train: 0.003420 | Val: 0.003399 | Val MSE: 0.0034 | Val SNR: 2.35 dB
Epoch 16/100 | Train: 0.003316 | Val: 0.003303 | Val MSE: 0.0033 | Val SNR: 2.48 dB
Epoch 17/100 | Train: 0.003256 | Val: 0.003221 | Val MSE: 0.0032 | Val SNR: 2.59 dB
Epoch 18/100 | Train: 0.003161 | Val: 0.003138 | Val MSE: 0.0031 | Val SNR: 2.70 dB
Epoch 19/100 | Train: 0.003084 | Val: 0.003069 | Val MSE: 0.0031 | Val SNR: 2.80 dB
Epoch 20/100 | Train: 0.003002 | Val: 0.002985 | Val MSE: 0.0030 | Val SNR: 2.92 dB
Epoch 21/100 | Train: 0.002916 | Val: 0.002907 | Val MSE: 0.0029 | Val SNR: 3.03 dB
Epoch 22/100 | Train: 0.002861 | Val: 0.002845 | Val MSE: 0.0028 | Val SNR: 3.13 dB
Epoch 23/100 | Train: 0.002790 | Val: 0.002779 | Val MSE: 0.0028 | Val SNR: 3.23 dB
Epoch 24/100 | Train: 0.002690 | Val: 0.002688 | Val MSE: 0.0027 | Val SNR: 3.37 dB
Epoch 25/100 | Train: 0.002625 | Val: 0.002633 | Val MSE: 0.0026 | Val SNR: 3.47 dB
Epoch 26/100 | Train: 0.002569 | Val: 0.002538 | Val MSE: 0.0025 | Val SNR: 3.62 dB
Epoch 27/100 | Train: 0.002521 | Val: 0.002481 | Val MSE: 0.0025 | Val SNR: 3.72 dB
Epoch 28/100 | Train: 0.002449 | Val: 0.002424 | Val MSE: 0.0024 | Val SNR: 3.82 dB
Epoch 29/100 | Train: 0.002388 | Val: 0.002377 | Val MSE: 0.0024 | Val SNR: 3.91 dB
Epoch 30/100 | Train: 0.002356 | Val: 0.002322 | Val MSE: 0.0023 | Val SNR: 4.01 dB
Epoch 31/100 | Train: 0.002301 | Val: 0.002284 | Val MSE: 0.0023 | Val SNR: 4.08 dB
Epoch 32/100 | Train: 0.002259 | Val: 0.002238 | Val MSE: 0.0022 | Val SNR: 4.17 dB
Epoch 33/100 | Train: 0.002234 | Val: 0.002225 | Val MSE: 0.0022 | Val SNR: 4.20 dB
Epoch 34/100 | Train: 0.002187 | Val: 0.002169 | Val MSE: 0.0022 | Val SNR: 4.31 dB
Epoch 35/100 | Train: 0.002163 | Val: 0.002140 | Val MSE: 0.0021 | Val SNR: 4.36 dB
Epoch 36/100 | Train: 0.002150 | Val: 0.002133 | Val MSE: 0.0021 | Val SNR: 4.38 dB
Epoch 37/100 | Train: 0.002116 | Val: 0.002088 | Val MSE: 0.0021 | Val SNR: 4.47 dB
Epoch 38/100 | Train: 0.002079 | Val: 0.002062 | Val MSE: 0.0021 | Val SNR: 4.53 dB
Epoch 39/100 | Train: 0.002068 | Val: 0.002054 | Val MSE: 0.0021 | Val SNR: 4.55 dB
Epoch 40/100 | Train: 0.002059 | Val: 0.002018 | Val MSE: 0.0020 | Val SNR: 4.62 dB
Epoch 41/100 | Train: 0.002022 | Val: 0.002004 | Val MSE: 0.0020 | Val SNR: 4.65 dB
Epoch 42/100 | Train: 0.002010 | Val: 0.001978 | Val MSE: 0.0020 | Val SNR: 4.71 dB
Epoch 43/100 | Train: 0.001980 | Val: 0.001951 | Val MSE: 0.0020 | Val SNR: 4.77 dB
Epoch 44/100 | Train: 0.001946 | Val: 0.001957 | Val MSE: 0.0020 | Val SNR: 4.76 dB
Epoch 45/100 | Train: 0.001938 | Val: 0.001917 | Val MSE: 0.0019 | Val SNR: 4.84 dB
Epoch 46/100 | Train: 0.001933 | Val: 0.001896 | Val MSE: 0.0019 | Val SNR: 4.89 dB
Epoch 47/100 | Train: 0.001908 | Val: 0.001881 | Val MSE: 0.0019 | Val SNR: 4.93 dB
Epoch 48/100 | Train: 0.001898 | Val: 0.001880 | Val MSE: 0.0019 | Val SNR: 4.93 dB
Epoch 49/100 | Train: 0.001874 | Val: 0.001861 | Val MSE: 0.0019 | Val SNR: 4.97 dB
Epoch 50/100 | Train: 0.001858 | Val: 0.001833 | Val MSE: 0.0018 | Val SNR: 5.04 dB
Epoch 51/100 | Train: 0.001847 | Val: 0.001822 | Val MSE: 0.0018 | Val SNR: 5.07 dB
Epoch 52/100 | Train: 0.001832 | Val: 0.001814 | Val MSE: 0.0018 | Val SNR: 5.09 dB
Epoch 53/100 | Train: 0.001821 | Val: 0.001815 | Val MSE: 0.0018 | Val SNR: 5.09 dB
Epoch 54/100 | Train: 0.001821 | Val: 0.001784 | Val MSE: 0.0018 | Val SNR: 5.16 dB
Epoch 55/100 | Train: 0.001800 | Val: 0.001770 | Val MSE: 0.0018 | Val SNR: 5.19 dB
Epoch 56/100 | Train: 0.001790 | Val: 0.001763 | Val MSE: 0.0018 | Val SNR: 5.21 dB
Epoch 57/100 | Train: 0.001786 | Val: 0.001760 | Val MSE: 0.0018 | Val SNR: 5.22 dB
Epoch 58/100 | Train: 0.001774 | Val: 0.001741 | Val MSE: 0.0017 | Val SNR: 5.27 dB
Epoch 59/100 | Train: 0.001764 | Val: 0.001737 | Val MSE: 0.0017 | Val SNR: 5.28 dB
Epoch 60/100 | Train: 0.001750 | Val: 0.001717 | Val MSE: 0.0017 | Val SNR: 5.33 dB
Epoch 61/100 | Train: 0.001741 | Val: 0.001708 | Val MSE: 0.0017 | Val SNR: 5.35 dB
Epoch 62/100 | Train: 0.001729 | Val: 0.001715 | Val MSE: 0.0017 | Val SNR: 5.33 dB
Epoch 63/100 | Train: 0.001738 | Val: 0.001696 | Val MSE: 0.0017 | Val SNR: 5.38 dB
Epoch 64/100 | Train: 0.001714 | Val: 0.001689 | Val MSE: 0.0017 | Val SNR: 5.40 dB
Epoch 65/100 | Train: 0.001707 | Val: 0.001683 | Val MSE: 0.0017 | Val SNR: 5.42 dB
Epoch 66/100 | Train: 0.001711 | Val: 0.001672 | Val MSE: 0.0017 | Val SNR: 5.45 dB
Epoch 67/100 | Train: 0.001697 | Val: 0.001688 | Val MSE: 0.0017 | Val SNR: 5.40 dB
Epoch 68/100 | Train: 0.001689 | Val: 0.001654 | Val MSE: 0.0017 | Val SNR: 5.50 dB
Epoch 69/100 | Train: 0.001679 | Val: 0.001657 | Val MSE: 0.0017 | Val SNR: 5.49 dB
Epoch 70/100 | Train: 0.001683 | Val: 0.001656 | Val MSE: 0.0017 | Val SNR: 5.49 dB
Epoch 71/100 | Train: 0.001662 | Val: 0.001632 | Val MSE: 0.0016 | Val SNR: 5.55 dB
Epoch 72/100 | Train: 0.001653 | Val: 0.001625 | Val MSE: 0.0016 | Val SNR: 5.57 dB
Epoch 73/100 | Train: 0.001652 | Val: 0.001625 | Val MSE: 0.0016 | Val SNR: 5.57 dB
Epoch 74/100 | Train: 0.001641 | Val: 0.001626 | Val MSE: 0.0016 | Val SNR: 5.57 dB
Epoch 75/100 | Train: 0.001639 | Val: 0.001612 | Val MSE: 0.0016 | Val SNR: 5.60 dB
Epoch 76/100 | Train: 0.001641 | Val: 0.001603 | Val MSE: 0.0016 | Val SNR: 5.63 dB
Epoch 77/100 | Train: 0.001630 | Val: 0.001597 | Val MSE: 0.0016 | Val SNR: 5.65 dB
Epoch 78/100 | Train: 0.001618 | Val: 0.001589 | Val MSE: 0.0016 | Val SNR: 5.67 dB
Epoch 79/100 | Train: 0.001626 | Val: 0.001594 | Val MSE: 0.0016 | Val SNR: 5.65 dB
Epoch 80/100 | Train: 0.001612 | Val: 0.001586 | Val MSE: 0.0016 | Val SNR: 5.67 dB
Epoch 81/100 | Train: 0.001606 | Val: 0.001572 | Val MSE: 0.0016 | Val SNR: 5.71 dB
Epoch 82/100 | Train: 0.001598 | Val: 0.001583 | Val MSE: 0.0016 | Val SNR: 5.68 dB
Epoch 83/100 | Train: 0.001596 | Val: 0.001562 | Val MSE: 0.0016 | Val SNR: 5.74 dB
Epoch 84/100 | Train: 0.001587 | Val: 0.001555 | Val MSE: 0.0016 | Val SNR: 5.76 dB
Epoch 85/100 | Train: 0.001584 | Val: 0.001557 | Val MSE: 0.0016 | Val SNR: 5.76 dB
Epoch 86/100 | Train: 0.001575 | Val: 0.001544 | Val MSE: 0.0015 | Val SNR: 5.79 dB
Epoch 87/100 | Train: 0.001584 | Val: 0.001542 | Val MSE: 0.0015 | Val SNR: 5.80 dB
Epoch 88/100 | Train: 0.001576 | Val: 0.001541 | Val MSE: 0.0015 | Val SNR: 5.80 dB
Epoch 89/100 | Train: 0.001565 | Val: 0.001533 | Val MSE: 0.0015 | Val SNR: 5.82 dB
Epoch 90/100 | Train: 0.001560 | Val: 0.001533 | Val MSE: 0.0015 | Val SNR: 5.82 dB
Epoch 91/100 | Train: 0.001571 | Val: 0.001557 | Val MSE: 0.0016 | Val SNR: 5.75 dB
Epoch 92/100 | Train: 0.001559 | Val: 0.001516 | Val MSE: 0.0015 | Val SNR: 5.87 dB
Epoch 93/100 | Train: 0.001550 | Val: 0.001518 | Val MSE: 0.0015 | Val SNR: 5.87 dB
Epoch 94/100 | Train: 0.001537 | Val: 0.001506 | Val MSE: 0.0015 | Val SNR: 5.90 dB
Epoch 95/100 | Train: 0.001538 | Val: 0.001509 | Val MSE: 0.0015 | Val SNR: 5.89 dB
Epoch 96/100 | Train: 0.001537 | Val: 0.001495 | Val MSE: 0.0015 | Val SNR: 5.93 dB
Epoch 97/100 | Train: 0.001542 | Val: 0.001534 | Val MSE: 0.0015 | Val SNR: 5.82 dB
Epoch 98/100 | Train: 0.001531 | Val: 0.001490 | Val MSE: 0.0015 | Val SNR: 5.95 dB
Epoch 99/100 | Train: 0.001536 | Val: 0.001486 | Val MSE: 0.0015 | Val SNR: 5.96 dB
Epoch 100/100 | Train: 0.001509 | Val: 0.001486 | Val MSE: 0.0015 | Val SNR: 5.96 dB
✅ Best model saved → /Users/serhiizabolotnii/Projects/signal-denoising/experiments/../train/../weights/HybridDSGE_UNet_non_gaussian_S3_best.pth
[DSGE] State saved → /Users/serhiizabolotnii/Projects/signal-denoising/experiments/../train/../weights/dsge_state_non_gaussian_S3.npz

📊 Final Test Metrics (time domain):
  MSE: 0.1613
  MAE: 0.3047
  RMSE: 0.4016
  SNR: 4.9147 dB

============================================================
[Exp2] Training with basis: trigonometric
============================================================
[Info] Fitting DSGEFeatureExtractor on 3500 train samples…
[DSGE] Generating element ‖X‖ = 1.9996 (OK)
[Info] DSGE ready: DSGEFeatureExtractor(basis_type='trigonometric', powers=[1.0, 2.0, 3.0], S=3, lambda=0.01, state=fitted)
[Info] Model params: 10,145
Epoch 01/100 | Train: 0.015578 | Val: 0.014006 | Val MSE: 0.0140 | Val SNR: -3.79 dB
Epoch 02/100 | Train: 0.011351 | Val: 0.007436 | Val MSE: 0.0074 | Val SNR: -1.05 dB
Epoch 03/100 | Train: 0.006021 | Val: 0.005518 | Val MSE: 0.0055 | Val SNR: 0.25 dB
Epoch 04/100 | Train: 0.005487 | Val: 0.005453 | Val MSE: 0.0055 | Val SNR: 0.31 dB
Epoch 05/100 | Train: 0.005440 | Val: 0.005396 | Val MSE: 0.0054 | Val SNR: 0.35 dB
Epoch 06/100 | Train: 0.005252 | Val: 0.004883 | Val MSE: 0.0049 | Val SNR: 0.79 dB
Epoch 07/100 | Train: 0.004671 | Val: 0.004459 | Val MSE: 0.0045 | Val SNR: 1.18 dB
Epoch 08/100 | Train: 0.004473 | Val: 0.004333 | Val MSE: 0.0043 | Val SNR: 1.31 dB
Epoch 09/100 | Train: 0.004360 | Val: 0.004250 | Val MSE: 0.0042 | Val SNR: 1.39 dB
Epoch 10/100 | Train: 0.004256 | Val: 0.004183 | Val MSE: 0.0042 | Val SNR: 1.47 dB
Epoch 11/100 | Train: 0.004224 | Val: 0.004131 | Val MSE: 0.0041 | Val SNR: 1.52 dB
Epoch 12/100 | Train: 0.004151 | Val: 0.004068 | Val MSE: 0.0041 | Val SNR: 1.59 dB
Epoch 13/100 | Train: 0.004126 | Val: 0.004002 | Val MSE: 0.0040 | Val SNR: 1.66 dB
Epoch 14/100 | Train: 0.004020 | Val: 0.003942 | Val MSE: 0.0039 | Val SNR: 1.72 dB
Epoch 15/100 | Train: 0.003978 | Val: 0.003880 | Val MSE: 0.0039 | Val SNR: 1.79 dB
Epoch 16/100 | Train: 0.003917 | Val: 0.003830 | Val MSE: 0.0038 | Val SNR: 1.85 dB
Epoch 17/100 | Train: 0.003857 | Val: 0.003778 | Val MSE: 0.0038 | Val SNR: 1.91 dB
Epoch 18/100 | Train: 0.003812 | Val: 0.003733 | Val MSE: 0.0037 | Val SNR: 1.96 dB
Epoch 19/100 | Train: 0.003780 | Val: 0.003687 | Val MSE: 0.0037 | Val SNR: 2.01 dB
Epoch 20/100 | Train: 0.003722 | Val: 0.003648 | Val MSE: 0.0036 | Val SNR: 2.06 dB
Epoch 21/100 | Train: 0.003691 | Val: 0.003606 | Val MSE: 0.0036 | Val SNR: 2.11 dB
Epoch 22/100 | Train: 0.003655 | Val: 0.003580 | Val MSE: 0.0036 | Val SNR: 2.14 dB
Epoch 23/100 | Train: 0.003607 | Val: 0.003530 | Val MSE: 0.0035 | Val SNR: 2.20 dB
Epoch 24/100 | Train: 0.003558 | Val: 0.003496 | Val MSE: 0.0035 | Val SNR: 2.24 dB
Epoch 25/100 | Train: 0.003517 | Val: 0.003458 | Val MSE: 0.0035 | Val SNR: 2.29 dB
Epoch 26/100 | Train: 0.003489 | Val: 0.003422 | Val MSE: 0.0034 | Val SNR: 2.34 dB
Epoch 27/100 | Train: 0.003448 | Val: 0.003384 | Val MSE: 0.0034 | Val SNR: 2.39 dB
Epoch 28/100 | Train: 0.003417 | Val: 0.003358 | Val MSE: 0.0034 | Val SNR: 2.42 dB
Epoch 29/100 | Train: 0.003370 | Val: 0.003311 | Val MSE: 0.0033 | Val SNR: 2.48 dB
Epoch 30/100 | Train: 0.003382 | Val: 0.003287 | Val MSE: 0.0033 | Val SNR: 2.51 dB
Epoch 31/100 | Train: 0.003332 | Val: 0.003247 | Val MSE: 0.0032 | Val SNR: 2.56 dB
Epoch 32/100 | Train: 0.003262 | Val: 0.003206 | Val MSE: 0.0032 | Val SNR: 2.62 dB
Epoch 33/100 | Train: 0.003225 | Val: 0.003173 | Val MSE: 0.0032 | Val SNR: 2.66 dB
Epoch 34/100 | Train: 0.003191 | Val: 0.003147 | Val MSE: 0.0031 | Val SNR: 2.70 dB
Epoch 35/100 | Train: 0.003176 | Val: 0.003103 | Val MSE: 0.0031 | Val SNR: 2.76 dB
Epoch 36/100 | Train: 0.003125 | Val: 0.003074 | Val MSE: 0.0031 | Val SNR: 2.80 dB
Epoch 37/100 | Train: 0.003094 | Val: 0.003037 | Val MSE: 0.0030 | Val SNR: 2.85 dB
Epoch 38/100 | Train: 0.003059 | Val: 0.003002 | Val MSE: 0.0030 | Val SNR: 2.90 dB
Epoch 39/100 | Train: 0.003016 | Val: 0.002977 | Val MSE: 0.0030 | Val SNR: 2.94 dB
Epoch 40/100 | Train: 0.002987 | Val: 0.002934 | Val MSE: 0.0029 | Val SNR: 3.00 dB
Epoch 41/100 | Train: 0.002949 | Val: 0.002904 | Val MSE: 0.0029 | Val SNR: 3.05 dB
Epoch 42/100 | Train: 0.002918 | Val: 0.002868 | Val MSE: 0.0029 | Val SNR: 3.10 dB
Epoch 43/100 | Train: 0.002880 | Val: 0.002838 | Val MSE: 0.0028 | Val SNR: 3.14 dB
Epoch 44/100 | Train: 0.002857 | Val: 0.002804 | Val MSE: 0.0028 | Val SNR: 3.20 dB
Epoch 45/100 | Train: 0.002823 | Val: 0.002779 | Val MSE: 0.0028 | Val SNR: 3.23 dB
Epoch 46/100 | Train: 0.002806 | Val: 0.002751 | Val MSE: 0.0028 | Val SNR: 3.28 dB
Epoch 47/100 | Train: 0.002758 | Val: 0.002716 | Val MSE: 0.0027 | Val SNR: 3.33 dB
Epoch 48/100 | Train: 0.002733 | Val: 0.002691 | Val MSE: 0.0027 | Val SNR: 3.37 dB
Epoch 49/100 | Train: 0.002725 | Val: 0.002668 | Val MSE: 0.0027 | Val SNR: 3.41 dB
Epoch 50/100 | Train: 0.002679 | Val: 0.002638 | Val MSE: 0.0026 | Val SNR: 3.46 dB
Epoch 51/100 | Train: 0.002669 | Val: 0.002615 | Val MSE: 0.0026 | Val SNR: 3.50 dB
Epoch 52/100 | Train: 0.002636 | Val: 0.002594 | Val MSE: 0.0026 | Val SNR: 3.53 dB
Epoch 53/100 | Train: 0.002624 | Val: 0.002583 | Val MSE: 0.0026 | Val SNR: 3.55 dB
Epoch 54/100 | Train: 0.002589 | Val: 0.002544 | Val MSE: 0.0025 | Val SNR: 3.62 dB
Epoch 55/100 | Train: 0.002568 | Val: 0.002524 | Val MSE: 0.0025 | Val SNR: 3.65 dB
Epoch 56/100 | Train: 0.002544 | Val: 0.002505 | Val MSE: 0.0025 | Val SNR: 3.68 dB
Epoch 57/100 | Train: 0.002516 | Val: 0.002482 | Val MSE: 0.0025 | Val SNR: 3.72 dB
Epoch 58/100 | Train: 0.002497 | Val: 0.002469 | Val MSE: 0.0025 | Val SNR: 3.75 dB
Epoch 59/100 | Train: 0.002487 | Val: 0.002440 | Val MSE: 0.0024 | Val SNR: 3.80 dB
Epoch 60/100 | Train: 0.002473 | Val: 0.002424 | Val MSE: 0.0024 | Val SNR: 3.83 dB
Epoch 61/100 | Train: 0.002447 | Val: 0.002412 | Val MSE: 0.0024 | Val SNR: 3.85 dB
Epoch 62/100 | Train: 0.002445 | Val: 0.002395 | Val MSE: 0.0024 | Val SNR: 3.88 dB
Epoch 63/100 | Train: 0.002428 | Val: 0.002373 | Val MSE: 0.0024 | Val SNR: 3.92 dB
Epoch 64/100 | Train: 0.002400 | Val: 0.002354 | Val MSE: 0.0024 | Val SNR: 3.95 dB
Epoch 65/100 | Train: 0.002387 | Val: 0.002338 | Val MSE: 0.0023 | Val SNR: 3.98 dB
Epoch 66/100 | Train: 0.002374 | Val: 0.002323 | Val MSE: 0.0023 | Val SNR: 4.01 dB
Epoch 67/100 | Train: 0.002363 | Val: 0.002315 | Val MSE: 0.0023 | Val SNR: 4.02 dB
Epoch 68/100 | Train: 0.002354 | Val: 0.002301 | Val MSE: 0.0023 | Val SNR: 4.05 dB
Epoch 69/100 | Train: 0.002327 | Val: 0.002280 | Val MSE: 0.0023 | Val SNR: 4.09 dB
Epoch 70/100 | Train: 0.002314 | Val: 0.002270 | Val MSE: 0.0023 | Val SNR: 4.11 dB
Epoch 71/100 | Train: 0.002300 | Val: 0.002259 | Val MSE: 0.0023 | Val SNR: 4.13 dB
Epoch 72/100 | Train: 0.002285 | Val: 0.002243 | Val MSE: 0.0022 | Val SNR: 4.16 dB
Epoch 73/100 | Train: 0.002285 | Val: 0.002234 | Val MSE: 0.0022 | Val SNR: 4.18 dB
Epoch 74/100 | Train: 0.002268 | Val: 0.002222 | Val MSE: 0.0022 | Val SNR: 4.20 dB
Epoch 75/100 | Train: 0.002256 | Val: 0.002212 | Val MSE: 0.0022 | Val SNR: 4.22 dB
Epoch 76/100 | Train: 0.002249 | Val: 0.002202 | Val MSE: 0.0022 | Val SNR: 4.24 dB
Epoch 77/100 | Train: 0.002241 | Val: 0.002191 | Val MSE: 0.0022 | Val SNR: 4.26 dB
Epoch 78/100 | Train: 0.002228 | Val: 0.002182 | Val MSE: 0.0022 | Val SNR: 4.28 dB
Epoch 79/100 | Train: 0.002213 | Val: 0.002174 | Val MSE: 0.0022 | Val SNR: 4.30 dB
Epoch 80/100 | Train: 0.002213 | Val: 0.002169 | Val MSE: 0.0022 | Val SNR: 4.30 dB
Epoch 81/100 | Train: 0.002202 | Val: 0.002154 | Val MSE: 0.0022 | Val SNR: 4.34 dB
Epoch 82/100 | Train: 0.002194 | Val: 0.002160 | Val MSE: 0.0022 | Val SNR: 4.32 dB
Epoch 83/100 | Train: 0.002183 | Val: 0.002137 | Val MSE: 0.0021 | Val SNR: 4.37 dB
Epoch 84/100 | Train: 0.002176 | Val: 0.002134 | Val MSE: 0.0021 | Val SNR: 4.38 dB
Epoch 85/100 | Train: 0.002171 | Val: 0.002123 | Val MSE: 0.0021 | Val SNR: 4.40 dB
Epoch 86/100 | Train: 0.002158 | Val: 0.002113 | Val MSE: 0.0021 | Val SNR: 4.42 dB
Epoch 87/100 | Train: 0.002140 | Val: 0.002106 | Val MSE: 0.0021 | Val SNR: 4.44 dB
Epoch 88/100 | Train: 0.002152 | Val: 0.002114 | Val MSE: 0.0021 | Val SNR: 4.42 dB
Epoch 89/100 | Train: 0.002127 | Val: 0.002090 | Val MSE: 0.0021 | Val SNR: 4.47 dB
Epoch 90/100 | Train: 0.002124 | Val: 0.002084 | Val MSE: 0.0021 | Val SNR: 4.48 dB
Epoch 91/100 | Train: 0.002119 | Val: 0.002076 | Val MSE: 0.0021 | Val SNR: 4.50 dB
Epoch 92/100 | Train: 0.002116 | Val: 0.002072 | Val MSE: 0.0021 | Val SNR: 4.50 dB
Epoch 93/100 | Train: 0.002104 | Val: 0.002062 | Val MSE: 0.0021 | Val SNR: 4.53 dB
Epoch 94/100 | Train: 0.002095 | Val: 0.002055 | Val MSE: 0.0021 | Val SNR: 4.54 dB
Epoch 95/100 | Train: 0.002098 | Val: 0.002051 | Val MSE: 0.0021 | Val SNR: 4.55 dB
Epoch 96/100 | Train: 0.002080 | Val: 0.002043 | Val MSE: 0.0020 | Val SNR: 4.57 dB
Epoch 97/100 | Train: 0.002084 | Val: 0.002035 | Val MSE: 0.0020 | Val SNR: 4.58 dB
Epoch 98/100 | Train: 0.002074 | Val: 0.002033 | Val MSE: 0.0020 | Val SNR: 4.59 dB
Epoch 99/100 | Train: 0.002074 | Val: 0.002029 | Val MSE: 0.0020 | Val SNR: 4.60 dB
Epoch 100/100 | Train: 0.002064 | Val: 0.002017 | Val MSE: 0.0020 | Val SNR: 4.62 dB
✅ Best model saved → /Users/serhiizabolotnii/Projects/signal-denoising/experiments/../train/../weights/HybridDSGE_UNet_non_gaussian_S3_best.pth
[DSGE] State saved → /Users/serhiizabolotnii/Projects/signal-denoising/experiments/../train/../weights/dsge_state_non_gaussian_S3.npz

📊 Final Test Metrics (time domain):
  MSE: 0.2092
  MAE: 0.3403
  RMSE: 0.4574
  SNR: 3.7845 dB

============================================================
[Exp2] Training with basis: robust
============================================================
[Info] Fitting DSGEFeatureExtractor on 3500 train samples…
[DSGE] Generating element ‖X‖ = 1.9996 (OK)
[Info] DSGE ready: DSGEFeatureExtractor(basis_type='robust', powers=[0.5, 1.5, 2.0], S=3, lambda=0.01, state=fitted)
[Info] Model params: 10,145
Epoch 01/100 | Train: 0.016052 | Val: 0.013881 | Val MSE: 0.0139 | Val SNR: -3.75 dB
Epoch 02/100 | Train: 0.010876 | Val: 0.007226 | Val MSE: 0.0072 | Val SNR: -0.91 dB
Epoch 03/100 | Train: 0.006075 | Val: 0.005482 | Val MSE: 0.0055 | Val SNR: 0.29 dB
Epoch 04/100 | Train: 0.005335 | Val: 0.005097 | Val MSE: 0.0051 | Val SNR: 0.60 dB
Epoch 05/100 | Train: 0.004691 | Val: 0.004243 | Val MSE: 0.0043 | Val SNR: 1.39 dB
Epoch 06/100 | Train: 0.003917 | Val: 0.003653 | Val MSE: 0.0037 | Val SNR: 2.04 dB
Epoch 07/100 | Train: 0.003469 | Val: 0.003304 | Val MSE: 0.0033 | Val SNR: 2.47 dB
Epoch 08/100 | Train: 0.003231 | Val: 0.003123 | Val MSE: 0.0031 | Val SNR: 2.72 dB
Epoch 09/100 | Train: 0.003113 | Val: 0.003001 | Val MSE: 0.0030 | Val SNR: 2.89 dB
Epoch 10/100 | Train: 0.003006 | Val: 0.002916 | Val MSE: 0.0029 | Val SNR: 3.01 dB
Epoch 11/100 | Train: 0.002964 | Val: 0.002879 | Val MSE: 0.0029 | Val SNR: 3.07 dB
Epoch 12/100 | Train: 0.002893 | Val: 0.002929 | Val MSE: 0.0029 | Val SNR: 2.99 dB
Epoch 13/100 | Train: 0.002873 | Val: 0.002756 | Val MSE: 0.0028 | Val SNR: 3.26 dB
Epoch 14/100 | Train: 0.002793 | Val: 0.002705 | Val MSE: 0.0027 | Val SNR: 3.34 dB
Epoch 15/100 | Train: 0.002779 | Val: 0.002694 | Val MSE: 0.0027 | Val SNR: 3.36 dB
Epoch 16/100 | Train: 0.002744 | Val: 0.002617 | Val MSE: 0.0026 | Val SNR: 3.48 dB
Epoch 17/100 | Train: 0.002666 | Val: 0.002578 | Val MSE: 0.0026 | Val SNR: 3.54 dB
Epoch 18/100 | Train: 0.002626 | Val: 0.002528 | Val MSE: 0.0025 | Val SNR: 3.63 dB
Epoch 19/100 | Train: 0.002582 | Val: 0.002482 | Val MSE: 0.0025 | Val SNR: 3.71 dB
Epoch 20/100 | Train: 0.002582 | Val: 0.002437 | Val MSE: 0.0024 | Val SNR: 3.79 dB
Epoch 21/100 | Train: 0.002511 | Val: 0.002391 | Val MSE: 0.0024 | Val SNR: 3.87 dB
Epoch 22/100 | Train: 0.002494 | Val: 0.002357 | Val MSE: 0.0024 | Val SNR: 3.93 dB
Epoch 23/100 | Train: 0.002412 | Val: 0.002299 | Val MSE: 0.0023 | Val SNR: 4.04 dB
Epoch 24/100 | Train: 0.002369 | Val: 0.002280 | Val MSE: 0.0023 | Val SNR: 4.08 dB
Epoch 25/100 | Train: 0.002317 | Val: 0.002213 | Val MSE: 0.0022 | Val SNR: 4.21 dB
Epoch 26/100 | Train: 0.002270 | Val: 0.002229 | Val MSE: 0.0022 | Val SNR: 4.18 dB
Epoch 27/100 | Train: 0.002257 | Val: 0.002127 | Val MSE: 0.0021 | Val SNR: 4.38 dB
Epoch 28/100 | Train: 0.002208 | Val: 0.002099 | Val MSE: 0.0021 | Val SNR: 4.44 dB
Epoch 29/100 | Train: 0.002213 | Val: 0.002073 | Val MSE: 0.0021 | Val SNR: 4.49 dB
Epoch 30/100 | Train: 0.002147 | Val: 0.002028 | Val MSE: 0.0020 | Val SNR: 4.59 dB
Epoch 31/100 | Train: 0.002116 | Val: 0.002008 | Val MSE: 0.0020 | Val SNR: 4.63 dB
Epoch 32/100 | Train: 0.002101 | Val: 0.001980 | Val MSE: 0.0020 | Val SNR: 4.69 dB
Epoch 33/100 | Train: 0.002064 | Val: 0.001953 | Val MSE: 0.0020 | Val SNR: 4.75 dB
Epoch 34/100 | Train: 0.002069 | Val: 0.001937 | Val MSE: 0.0019 | Val SNR: 4.79 dB
Epoch 35/100 | Train: 0.002042 | Val: 0.001915 | Val MSE: 0.0019 | Val SNR: 4.84 dB
Epoch 36/100 | Train: 0.002038 | Val: 0.001924 | Val MSE: 0.0019 | Val SNR: 4.82 dB
Epoch 37/100 | Train: 0.002001 | Val: 0.001902 | Val MSE: 0.0019 | Val SNR: 4.87 dB
Epoch 38/100 | Train: 0.001983 | Val: 0.001870 | Val MSE: 0.0019 | Val SNR: 4.94 dB
Epoch 39/100 | Train: 0.001978 | Val: 0.001865 | Val MSE: 0.0019 | Val SNR: 4.96 dB
Epoch 40/100 | Train: 0.001957 | Val: 0.001850 | Val MSE: 0.0019 | Val SNR: 4.99 dB
Epoch 41/100 | Train: 0.001953 | Val: 0.001836 | Val MSE: 0.0018 | Val SNR: 5.02 dB
Epoch 42/100 | Train: 0.001939 | Val: 0.001824 | Val MSE: 0.0018 | Val SNR: 5.05 dB
Epoch 43/100 | Train: 0.001908 | Val: 0.001809 | Val MSE: 0.0018 | Val SNR: 5.09 dB
Epoch 44/100 | Train: 0.001908 | Val: 0.001802 | Val MSE: 0.0018 | Val SNR: 5.11 dB
Epoch 45/100 | Train: 0.001886 | Val: 0.001786 | Val MSE: 0.0018 | Val SNR: 5.14 dB
Epoch 46/100 | Train: 0.001875 | Val: 0.001776 | Val MSE: 0.0018 | Val SNR: 5.17 dB
Epoch 47/100 | Train: 0.001874 | Val: 0.001764 | Val MSE: 0.0018 | Val SNR: 5.20 dB
Epoch 48/100 | Train: 0.001845 | Val: 0.001758 | Val MSE: 0.0018 | Val SNR: 5.21 dB
Epoch 49/100 | Train: 0.001835 | Val: 0.001775 | Val MSE: 0.0018 | Val SNR: 5.17 dB
Epoch 50/100 | Train: 0.001822 | Val: 0.001739 | Val MSE: 0.0017 | Val SNR: 5.26 dB
Epoch 51/100 | Train: 0.001810 | Val: 0.001728 | Val MSE: 0.0017 | Val SNR: 5.29 dB
Epoch 52/100 | Train: 0.001820 | Val: 0.001717 | Val MSE: 0.0017 | Val SNR: 5.32 dB
Epoch 53/100 | Train: 0.001814 | Val: 0.001703 | Val MSE: 0.0017 | Val SNR: 5.35 dB
Epoch 54/100 | Train: 0.001797 | Val: 0.001696 | Val MSE: 0.0017 | Val SNR: 5.37 dB
Epoch 55/100 | Train: 0.001772 | Val: 0.001688 | Val MSE: 0.0017 | Val SNR: 5.39 dB
Epoch 56/100 | Train: 0.001764 | Val: 0.001686 | Val MSE: 0.0017 | Val SNR: 5.40 dB
Epoch 57/100 | Train: 0.001766 | Val: 0.001668 | Val MSE: 0.0017 | Val SNR: 5.44 dB
Epoch 58/100 | Train: 0.001759 | Val: 0.001659 | Val MSE: 0.0017 | Val SNR: 5.47 dB
Epoch 59/100 | Train: 0.001737 | Val: 0.001655 | Val MSE: 0.0017 | Val SNR: 5.48 dB
Epoch 60/100 | Train: 0.001727 | Val: 0.001646 | Val MSE: 0.0016 | Val SNR: 5.50 dB
Epoch 61/100 | Train: 0.001724 | Val: 0.001636 | Val MSE: 0.0016 | Val SNR: 5.53 dB
Epoch 62/100 | Train: 0.001715 | Val: 0.001628 | Val MSE: 0.0016 | Val SNR: 5.55 dB
Epoch 63/100 | Train: 0.001702 | Val: 0.001615 | Val MSE: 0.0016 | Val SNR: 5.59 dB
Epoch 64/100 | Train: 0.001698 | Val: 0.001612 | Val MSE: 0.0016 | Val SNR: 5.59 dB
Epoch 65/100 | Train: 0.001691 | Val: 0.001602 | Val MSE: 0.0016 | Val SNR: 5.62 dB
Epoch 66/100 | Train: 0.001685 | Val: 0.001596 | Val MSE: 0.0016 | Val SNR: 5.64 dB
Epoch 67/100 | Train: 0.001665 | Val: 0.001586 | Val MSE: 0.0016 | Val SNR: 5.66 dB
Epoch 68/100 | Train: 0.001661 | Val: 0.001576 | Val MSE: 0.0016 | Val SNR: 5.69 dB
Epoch 69/100 | Train: 0.001672 | Val: 0.001573 | Val MSE: 0.0016 | Val SNR: 5.70 dB
Epoch 70/100 | Train: 0.001639 | Val: 0.001564 | Val MSE: 0.0016 | Val SNR: 5.73 dB
Epoch 71/100 | Train: 0.001631 | Val: 0.001556 | Val MSE: 0.0016 | Val SNR: 5.75 dB
Epoch 72/100 | Train: 0.001627 | Val: 0.001549 | Val MSE: 0.0016 | Val SNR: 5.77 dB
Epoch 73/100 | Train: 0.001618 | Val: 0.001550 | Val MSE: 0.0016 | Val SNR: 5.76 dB
Epoch 74/100 | Train: 0.001622 | Val: 0.001537 | Val MSE: 0.0015 | Val SNR: 5.80 dB
Epoch 75/100 | Train: 0.001613 | Val: 0.001536 | Val MSE: 0.0015 | Val SNR: 5.80 dB
Epoch 76/100 | Train: 0.001593 | Val: 0.001530 | Val MSE: 0.0015 | Val SNR: 5.82 dB
Epoch 77/100 | Train: 0.001586 | Val: 0.001517 | Val MSE: 0.0015 | Val SNR: 5.86 dB
Epoch 78/100 | Train: 0.001590 | Val: 0.001519 | Val MSE: 0.0015 | Val SNR: 5.86 dB
Epoch 79/100 | Train: 0.001579 | Val: 0.001503 | Val MSE: 0.0015 | Val SNR: 5.90 dB
Epoch 80/100 | Train: 0.001563 | Val: 0.001498 | Val MSE: 0.0015 | Val SNR: 5.92 dB
Epoch 81/100 | Train: 0.001554 | Val: 0.001490 | Val MSE: 0.0015 | Val SNR: 5.94 dB
Epoch 82/100 | Train: 0.001555 | Val: 0.001486 | Val MSE: 0.0015 | Val SNR: 5.95 dB
Epoch 83/100 | Train: 0.001554 | Val: 0.001484 | Val MSE: 0.0015 | Val SNR: 5.96 dB
Epoch 84/100 | Train: 0.001545 | Val: 0.001475 | Val MSE: 0.0015 | Val SNR: 5.98 dB
Epoch 85/100 | Train: 0.001538 | Val: 0.001469 | Val MSE: 0.0015 | Val SNR: 6.00 dB
Epoch 86/100 | Train: 0.001526 | Val: 0.001462 | Val MSE: 0.0015 | Val SNR: 6.02 dB
Epoch 87/100 | Train: 0.001524 | Val: 0.001456 | Val MSE: 0.0015 | Val SNR: 6.04 dB
Epoch 88/100 | Train: 0.001517 | Val: 0.001453 | Val MSE: 0.0015 | Val SNR: 6.05 dB
Epoch 89/100 | Train: 0.001511 | Val: 0.001446 | Val MSE: 0.0014 | Val SNR: 6.07 dB
Epoch 90/100 | Train: 0.001513 | Val: 0.001442 | Val MSE: 0.0014 | Val SNR: 6.08 dB
Epoch 91/100 | Train: 0.001498 | Val: 0.001437 | Val MSE: 0.0014 | Val SNR: 6.10 dB
Epoch 92/100 | Train: 0.001495 | Val: 0.001432 | Val MSE: 0.0014 | Val SNR: 6.11 dB
Epoch 93/100 | Train: 0.001483 | Val: 0.001428 | Val MSE: 0.0014 | Val SNR: 6.13 dB
Epoch 94/100 | Train: 0.001488 | Val: 0.001424 | Val MSE: 0.0014 | Val SNR: 6.14 dB
Epoch 95/100 | Train: 0.001479 | Val: 0.001421 | Val MSE: 0.0014 | Val SNR: 6.15 dB
Epoch 96/100 | Train: 0.001474 | Val: 0.001411 | Val MSE: 0.0014 | Val SNR: 6.18 dB
Epoch 97/100 | Train: 0.001463 | Val: 0.001407 | Val MSE: 0.0014 | Val SNR: 6.19 dB
Epoch 98/100 | Train: 0.001461 | Val: 0.001405 | Val MSE: 0.0014 | Val SNR: 6.20 dB
Epoch 99/100 | Train: 0.001461 | Val: 0.001397 | Val MSE: 0.0014 | Val SNR: 6.22 dB
Epoch 100/100 | Train: 0.001463 | Val: 0.001393 | Val MSE: 0.0014 | Val SNR: 6.23 dB
✅ Best model saved → /Users/serhiizabolotnii/Projects/signal-denoising/experiments/../train/../weights/HybridDSGE_UNet_non_gaussian_S3_best.pth
[DSGE] State saved → /Users/serhiizabolotnii/Projects/signal-denoising/experiments/../train/../weights/dsge_state_non_gaussian_S3.npz

📊 Final Test Metrics (time domain):
  MSE: 0.1597
  MAE: 0.2998
  RMSE: 0.3997
  SNR: 4.9566 dB


════════════════════════════════════════════════════════════
EXPERIMENT 2 SUMMARY — BASIS COMPARISON
════════════════════════════════════════════════════════════
Run inference/inference_hybrid.py with "--dsge-basis <type>" for each basis.
Compare MSE and SNR values to find the best basis for your dataset.

Recommended order to test:
  1. python inference_hybrid.py --dataset non_gaussian --dsge-basis fractional
  2. python inference_hybrid.py --dataset non_gaussian --dsge-basis polynomial
  3. python inference_hybrid.py --dataset non_gaussian --dsge-basis trigonometric
  4. python inference_hybrid.py --dataset non_gaussian --dsge-basis robust
